  main.c
C:\Users\lewis\Desktop\ARU\Course - AI\github_upload\carSales\carSalesProject\carSalesProject\main.c(66,23): warning C4013: 'accessiblitySettings2' undefined; assuming extern returning int
C:\Users\lewis\Desktop\ARU\Course - AI\github_upload\carSales\carSalesProject\carSalesProject\main.c(80,24): warning C4013: 'accessiblitySettings3' undefined; assuming extern returning int
C:\Users\lewis\Desktop\ARU\Course - AI\github_upload\carSales\carSalesProject\carSalesProject\main.c(127,21): warning C4013: 'authenticationPage' undefined; assuming extern returning int
C:\Users\lewis\Desktop\ARU\Course - AI\github_upload\carSales\carSalesProject\carSalesProject\main.c(194,55): warning C4013: 'ifNullFile' undefined; assuming extern returning int
C:\Users\lewis\Desktop\ARU\Course - AI\github_upload\carSales\carSalesProject\carSalesProject\main.c(196,16): warning C4477: 'sprintf' : format string '%d' requires an argument of type 'int', but variadic argument 1 has type 'const int *'
C:\Users\lewis\Desktop\ARU\Course - AI\github_upload\carSales\carSalesProject\carSalesProject\main.c(204,1): warning C4047: 'initializing': 'float *' differs in levels of indirection from 'int'
C:\Users\lewis\Desktop\ARU\Course - AI\github_upload\carSales\carSalesProject\carSalesProject\main.c(220,7): warning C4101: 'temp_string': unreferenced local variable
C:\Users\lewis\Desktop\ARU\Course - AI\github_upload\carSales\carSalesProject\carSalesProject\main.c(237,33): warning C4244: '=': conversion from 'double' to 'float', possible loss of data
C:\Users\lewis\Desktop\ARU\Course - AI\github_upload\carSales\carSalesProject\carSalesProject\main.c(253,31): warning C4244: '=': conversion from 'double' to 'int', possible loss of data
C:\Users\lewis\Desktop\ARU\Course - AI\github_upload\carSales\carSalesProject\carSalesProject\main.c(254,31): warning C4047: '=': 'const int *' differs in levels of indirection from 'int'
C:\Users\lewis\Desktop\ARU\Course - AI\github_upload\carSales\carSalesProject\carSalesProject\main.c(285,47): warning C4133: 'function': incompatible types - from 'float *' to 'int *'
C:\Users\lewis\Desktop\ARU\Course - AI\github_upload\carSales\carSalesProject\carSalesProject\main.c(285,89): warning C4133: 'function': incompatible types - from 'float *' to 'int *'
C:\Users\lewis\Desktop\ARU\Course - AI\github_upload\carSales\carSalesProject\carSalesProject\main.c(297,47): warning C4133: 'function': incompatible types - from 'float *' to 'int *'
C:\Users\lewis\Desktop\ARU\Course - AI\github_upload\carSales\carSalesProject\carSalesProject\main.c(297,89): warning C4133: 'function': incompatible types - from 'float *' to 'int *'
C:\Users\lewis\Desktop\ARU\Course - AI\github_upload\carSales\carSalesProject\carSalesProject\main.c(304,26): warning C4013: 'menuChoice' undefined; assuming extern returning int
C:\Users\lewis\Desktop\ARU\Course - AI\github_upload\carSales\carSalesProject\carSalesProject\main.c(304,28): warning C4047: 'function': 'void (__cdecl *)()' differs in levels of indirection from 'int'
C:\Users\lewis\Desktop\ARU\Course - AI\github_upload\carSales\carSalesProject\carSalesProject\main.c(304,26): warning C4024: 'pressXToExit': different types for formal and actual parameter 1
C:\Users\lewis\Desktop\ARU\Course - AI\github_upload\carSales\carSalesProject\carSalesProject\main.c(263,51): warning C4101: 'temp_amount': unreferenced local variable
C:\Users\lewis\Desktop\ARU\Course - AI\github_upload\carSales\carSalesProject\carSalesProject\main.c(263,35): warning C4101: 'temp_float': unreferenced local variable
C:\Users\lewis\Desktop\ARU\Course - AI\github_upload\carSales\carSalesProject\carSalesProject\main.c(333,26): warning C4013: 'viewCarFunction' undefined; assuming extern returning int
C:\Users\lewis\Desktop\ARU\Course - AI\github_upload\carSales\carSalesProject\carSalesProject\main.c(335,25): warning C4013: 'buyCarFunction' undefined; assuming extern returning int
C:\Users\lewis\Desktop\ARU\Course - AI\github_upload\carSales\carSalesProject\carSalesProject\main.c(337,27): warning C4013: 'viewSaleFunction' undefined; assuming extern returning int
C:\Users\lewis\Desktop\ARU\Course - AI\github_upload\carSales\carSalesProject\carSalesProject\main.c(368,54): warning C4047: '=': 'int' differs in levels of indirection from 'const int *'
C:\Users\lewis\Desktop\ARU\Course - AI\github_upload\carSales\carSalesProject\carSalesProject\main.c(362,39): warning C4101: 'temp_int': unreferenced local variable
C:\Users\lewis\Desktop\ARU\Course - AI\github_upload\carSales\carSalesProject\carSalesProject\main.c(404,50): warning C4047: '=': 'int' differs in levels of indirection from 'const int *'
C:\Users\lewis\Desktop\ARU\Course - AI\github_upload\carSales\carSalesProject\carSalesProject\main.c(407,17): warning C4477: 'printf' : format string '%d' requires an argument of type 'int', but variadic argument 4 has type 'const int *'
C:\Users\lewis\Desktop\ARU\Course - AI\github_upload\carSales\carSalesProject\carSalesProject\main.c(420,45): warning C4047: '=': 'const int *' differs in levels of indirection from 'int'
C:\Users\lewis\Desktop\ARU\Course - AI\github_upload\carSales\carSalesProject\carSalesProject\main.c(439,26): warning C4047: 'function': 'int *' differs in levels of indirection from 'int **'
C:\Users\lewis\Desktop\ARU\Course - AI\github_upload\carSales\carSalesProject\carSalesProject\main.c(439,19): warning C4024: 'priceCalculator': different types for formal and actual parameter 1
C:\Users\lewis\Desktop\ARU\Course - AI\github_upload\carSales\carSalesProject\carSalesProject\main.c(418,1): warning C4047: 'initializing': 'int' differs in levels of indirection from 'const int *'
C:\Users\lewis\Desktop\ARU\Course - AI\github_upload\carSales\carSalesProject\carSalesProject\main.c(445,92): warning C4101: 'price': unreferenced local variable
C:\Users\lewis\Desktop\ARU\Course - AI\github_upload\carSales\carSalesProject\carSalesProject\main.c(468,1): warning C4047: 'initializing': 'char' differs in levels of indirection from 'char [1]'
C:\Users\lewis\Desktop\ARU\Course - AI\github_upload\carSales\carSalesProject\carSalesProject\main.c(532,31): warning C4047: '=': 'const int *' differs in levels of indirection from 'int'
C:\Users\lewis\Desktop\ARU\Course - AI\github_upload\carSales\carSalesProject\carSalesProject\main.c(539,15): warning C4047: '==': 'int' differs in levels of indirection from 'void *'
C:\Users\lewis\Desktop\ARU\Course - AI\github_upload\carSales\carSalesProject\carSalesProject\main.c(552,14): warning C4047: 'return': 'int' differs in levels of indirection from 'char *'
C:\Users\lewis\Desktop\ARU\Course - AI\github_upload\carSales\carSalesProject\carSalesProject\main.c(547,1): warning C4047: 'initializing': 'char *' differs in levels of indirection from 'int'
C:\Users\lewis\Desktop\ARU\Course - AI\github_upload\carSales\carSalesProject\carSalesProject\main.c(570,129): warning C4474: 'scanf' : too many arguments passed for format string
C:\Users\lewis\Desktop\ARU\Course - AI\github_upload\carSales\carSalesProject\carSalesProject\main.c(570,129): message : placeholders and their parameters expect 1 variadic arguments, but 2 were provided
C:\Users\lewis\Desktop\ARU\Course - AI\github_upload\carSales\carSalesProject\carSalesProject\main.c(577,44): warning C4047: 'function': 'const char *' differs in levels of indirection from 'int'
C:\Users\lewis\Desktop\ARU\Course - AI\github_upload\carSales\carSalesProject\carSalesProject\main.c(577,26): warning C4024: 'strcmp': different types for formal and actual parameter 1
C:\Users\lewis\Desktop\ARU\Course - AI\github_upload\carSales\carSalesProject\carSalesProject\main.c(582,58): warning C4047: 'function': 'const char *' differs in levels of indirection from 'int'
C:\Users\lewis\Desktop\ARU\Course - AI\github_upload\carSales\carSalesProject\carSalesProject\main.c(582,40): warning C4024: 'strcpy': different types for formal and actual parameter 2
C:\Users\lewis\Desktop\ARU\Course - AI\github_upload\carSales\carSalesProject\carSalesProject\main.c(590,125): warning C4474: 'scanf' : too many arguments passed for format string
C:\Users\lewis\Desktop\ARU\Course - AI\github_upload\carSales\carSalesProject\carSalesProject\main.c(590,125): message : placeholders and their parameters expect 1 variadic arguments, but 2 were provided
C:\Users\lewis\Desktop\ARU\Course - AI\github_upload\carSales\carSalesProject\carSalesProject\main.c(608,22): warning C4013: 'loginFunction' undefined; assuming extern returning int
C:\Users\lewis\Desktop\ARU\Course - AI\github_upload\carSales\carSalesProject\carSalesProject\main.c(616,67): warning C4474: 'scanf' : too many arguments passed for format string
C:\Users\lewis\Desktop\ARU\Course - AI\github_upload\carSales\carSalesProject\carSalesProject\main.c(616,67): message : placeholders and their parameters expect 1 variadic arguments, but 2 were provided
C:\Users\lewis\Desktop\ARU\Course - AI\github_upload\carSales\carSalesProject\carSalesProject\main.c(623,58): warning C4047: 'function': 'const char *' differs in levels of indirection from 'int'
C:\Users\lewis\Desktop\ARU\Course - AI\github_upload\carSales\carSalesProject\carSalesProject\main.c(623,40): warning C4024: 'strcpy': different types for formal and actual parameter 2
C:\Users\lewis\Desktop\ARU\Course - AI\github_upload\carSales\carSalesProject\carSalesProject\main.c(630,68): warning C4474: 'scanf' : too many arguments passed for format string
C:\Users\lewis\Desktop\ARU\Course - AI\github_upload\carSales\carSalesProject\carSalesProject\main.c(630,68): message : placeholders and their parameters expect 1 variadic arguments, but 2 were provided
C:\Users\lewis\Desktop\ARU\Course - AI\github_upload\carSales\carSalesProject\carSalesProject\main.c(114): warning C4716: 'accessiblitySettings2': must return a value
C:\Users\lewis\Desktop\ARU\Course - AI\github_upload\carSales\carSalesProject\carSalesProject\main.c(161): warning C4716: 'accessiblitySettings3': must return a value
C:\Users\lewis\Desktop\ARU\Course - AI\github_upload\carSales\carSalesProject\carSalesProject\main.c(200): warning C4716: 'saveStockToFile': must return a value
C:\Users\lewis\Desktop\ARU\Course - AI\github_upload\carSales\carSalesProject\carSalesProject\main.c(245): warning C4715: 'loadSalesFigure': not all control paths return a value
C:\Users\lewis\Desktop\ARU\Course - AI\github_upload\carSales\carSalesProject\carSalesProject\main.c(228): warning C4716: 'saveInvoice': must return a value
C:\Users\lewis\Desktop\ARU\Course - AI\github_upload\carSales\carSalesProject\carSalesProject\main.c(257): warning C4715: 'loadStock': not all control paths return a value
C:\Users\lewis\Desktop\ARU\Course - AI\github_upload\carSales\carSalesProject\carSalesProject\main.c(358): warning C4716: 'menuChoice': must return a value
C:\Users\lewis\Desktop\ARU\Course - AI\github_upload\carSales\carSalesProject\carSalesProject\main.c(322): warning C4716: 'viewAdminSales': must return a value
C:\Users\lewis\Desktop\ARU\Course - AI\github_upload\carSales\carSalesProject\carSalesProject\main.c(394): warning C4716: 'viewCarFunction': must return a value
C:\Users\lewis\Desktop\ARU\Course - AI\github_upload\carSales\carSalesProject\carSalesProject\main.c(456): warning C4716: 'buyCarFunction': must return a value
C:\Users\lewis\Desktop\ARU\Course - AI\github_upload\carSales\carSalesProject\carSalesProject\main.c(535): warning C4716: 'carModelListRead': must return a value
C:\Users\lewis\Desktop\ARU\Course - AI\github_upload\carSales\carSalesProject\carSalesProject\main.c(441): warning C4716: 'priceCalculator': must return a value
C:\Users\lewis\Desktop\ARU\Course - AI\github_upload\carSales\carSalesProject\carSalesProject\main.c(543): warning C4715: 'ifNullFile': not all control paths return a value
C:\Users\lewis\Desktop\ARU\Course - AI\github_upload\carSales\carSalesProject\carSalesProject\main.c(522): warning C4715: 'viewSaleFunction': not all control paths return a value
C:\Users\lewis\Desktop\ARU\Course - AI\github_upload\carSales\carSalesProject\carSalesProject\main.c(693): warning C4716: 'authenticationPage': must return a value
C:\Users\lewis\Desktop\ARU\Course - AI\github_upload\carSales\carSalesProject\carSalesProject\main.c(655): warning C4715: 'loginFunction': not all control paths return a value
C:\Users\lewis\Desktop\ARU\Course - AI\github_upload\carSales\carSalesProject\carSalesProject\main.c(609): warning C4716: 'signUpFunction': must return a value
  carSalesProject.vcxproj -> C:\Users\lewis\Desktop\ARU\Course - AI\github_upload\carSales\carSalesProject\Debug\carSalesProject.exe
